<?xml version="1.0" encoding="UTF-8"?>
<testng-results skipped="0" failed="0" total="1" passed="1">
  <reporter-output>
  </reporter-output>
  <suite name="Maven Project suite" duration-ms="54" started-at="2016-01-28T14:26:58Z" finished-at="2016-01-28T14:26:58Z">
    <groups>
    </groups>
    <test name="Sample Test Run" duration-ms="54" started-at="2016-01-28T14:26:58Z" finished-at="2016-01-28T14:26:58Z">
      <class name="Txl.DemoMavenSampleProject.SampleTest">
        <test-method status="PASS" signature="test()[pri:0, instance:Txl.DemoMavenSampleProject.SampleTest@2ef9b8bc]" name="test" duration-ms="29" started-at="2016-01-28T19:56:58Z" finished-at="2016-01-28T19:56:58Z">
          <reporter-output>
          </reporter-output>
        </test-method> <!-- test -->
      </class> <!-- Txl.DemoMavenSampleProject.SampleTest -->
    </test> <!-- Sample Test Run -->
  </suite> <!-- Maven Project suite -->
</testng-results>
